nohup: ignoring input
WARNING:tensorflow:From /data/intern/fuxiaohai/software/masif/source/masif_modules/MaSIF_ppi_search.py:200: The name tf.set_random_seed is deprecated. Please use tf.compat.v1.set_random_seed instead.

WARNING:tensorflow:From /data/intern/fuxiaohai/software/masif/source/masif_modules/MaSIF_ppi_search.py:234: The name tf.placeholder is deprecated. Please use tf.compat.v1.placeholder instead.

WARNING:tensorflow:From /data/intern/fuxiaohai/software/masif/source/masif_modules/MaSIF_ppi_search.py:264: The name tf.get_variable is deprecated. Please use tf.compat.v1.get_variable instead.

WARNING:tensorflow:
The TensorFlow contrib module will not be included in TensorFlow 2.0.
For more information, please see:
  * https://github.com/tensorflow/community/blob/master/rfcs/20180907-contrib-sunset.md
  * https://github.com/tensorflow/addons
  * https://github.com/tensorflow/io (for I/O related ops)
If you depend on functionality not listed there, please file an issue.

WARNING:tensorflow:From /data/intern/fuxiaohai/software/masif/source/masif_modules/MaSIF_ppi_search.py:86: The name tf.mod is deprecated. Please use tf.math.mod instead.

WARNING:tensorflow:From /data/intern/fuxiaohai/software/masif/source/masif_modules/MaSIF_ppi_search.py:105: calling reduce_sum_v1 (from tensorflow.python.ops.math_ops) with keep_dims is deprecated and will be removed in a future version.
Instructions for updating:
keep_dims is deprecated, use keepdims instead
WARNING:tensorflow:From /data/intern/fuxiaohai/miniconda3/envs/xtea/lib/python3.7/site-packages/tensorflow_core/contrib/layers/python/layers/layers.py:1866: Layer.apply (from tensorflow.python.keras.engine.base_layer) is deprecated and will be removed in a future version.
Instructions for updating:
Please use `layer.__call__` method instead.
WARNING:tensorflow:From /data/intern/fuxiaohai/software/masif/source/masif_modules/MaSIF_ppi_search.py:306: The name tf.train.AdamOptimizer is deprecated. Please use tf.compat.v1.train.AdamOptimizer instead.

/data/intern/fuxiaohai/miniconda3/envs/xtea/lib/python3.7/site-packages/tensorflow_core/python/framework/indexed_slices.py:424: UserWarning: Converting sparse IndexedSlices to a dense Tensor of unknown shape. This may consume a large amount of memory.
  "Converting sparse IndexedSlices to a dense Tensor of unknown shape. "
WARNING:tensorflow:From /data/intern/fuxiaohai/software/masif/source/masif_modules/MaSIF_ppi_search.py:310: The name tf.trainable_variables is deprecated. Please use tf.compat.v1.trainable_variables instead.

/data/intern/fuxiaohai/miniconda3/envs/xtea/lib/python3.7/site-packages/tensorflow_core/python/framework/indexed_slices.py:424: UserWarning: Converting sparse IndexedSlices to a dense Tensor of unknown shape. This may consume a large amount of memory.
  "Converting sparse IndexedSlices to a dense Tensor of unknown shape. "
WARNING:tensorflow:From /data/intern/fuxiaohai/software/masif/source/masif_modules/MaSIF_ppi_search.py:320: The name tf.ConfigProto is deprecated. Please use tf.compat.v1.ConfigProto instead.

WARNING:tensorflow:From /data/intern/fuxiaohai/software/masif/source/masif_modules/MaSIF_ppi_search.py:322: The name tf.Session is deprecated. Please use tf.compat.v1.Session instead.

2023-07-18 11:06:09.059656: I tensorflow/core/platform/cpu_feature_guard.cc:142] Your CPU supports instructions that this TensorFlow binary was not compiled to use: AVX2 FMA
2023-07-18 11:06:09.094272: I tensorflow/core/platform/profile_utils/cpu_utils.cc:94] CPU Frequency: 2197310000 Hz
2023-07-18 11:06:09.100990: I tensorflow/compiler/xla/service/service.cc:168] XLA service 0x5567ebe6c920 initialized for platform Host (this does not guarantee that XLA will be used). Devices:
2023-07-18 11:06:09.101051: I tensorflow/compiler/xla/service/service.cc:176]   StreamExecutor device (0): Host, Default Version
WARNING:tensorflow:From /data/intern/fuxiaohai/software/masif/source/masif_modules/MaSIF_ppi_search.py:323: The name tf.train.Saver is deprecated. Please use tf.compat.v1.train.Saver instead.

WARNING:tensorflow:From /data/intern/fuxiaohai/software/masif/source/masif_modules/MaSIF_ppi_search.py:326: The name tf.global_variables_initializer is deprecated. Please use tf.compat.v1.global_variables_initializer instead.

2023-07-18 11:06:09.737378: W tensorflow/core/common_runtime/colocation_graph.cc:983] Failed to place the graph without changing the devices of some resources. Some of the operations (that had to be colocated with resource generating operations) are not supported on the resources' devices. Current candidate devices are [
  /job:localhost/replica:0/task:0/device:CPU:0].
See below for details of this colocation group:
Colocation Debug Info:
Colocation group had the following types and supported devices: 
Root Member(assigned_device_name_index_=-1 requested_device_name_='/device:GPU:0' assigned_device_name_='' resource_device_name_='/device:GPU:0' supported_device_types_=[CPU] possible_devices_=[]
Const: CPU XLA_CPU 
Identity: CPU XLA_CPU 
ApplyAdam: CPU 
VariableV2: CPU 
Assign: CPU 

Colocation members, user-requested devices, and framework assigned devices, if any:
  mu_rho_0 (VariableV2) /device:GPU:0
  mu_rho_0/Assign (Assign) /device:GPU:0
  mu_rho_0/read (Identity) /device:GPU:0
  mu_rho_0/Adam/Initializer/zeros (Const) /device:GPU:0
  mu_rho_0/Adam (VariableV2) /device:GPU:0
  mu_rho_0/Adam/Assign (Assign) /device:GPU:0
  mu_rho_0/Adam/read (Identity) /device:GPU:0
  mu_rho_0/Adam_1/Initializer/zeros (Const) /device:GPU:0
  mu_rho_0/Adam_1 (VariableV2) /device:GPU:0
  mu_rho_0/Adam_1/Assign (Assign) /device:GPU:0
  mu_rho_0/Adam_1/read (Identity) /device:GPU:0
  Adam/update_mu_rho_0/ApplyAdam (ApplyAdam) /device:GPU:0
  save/Assign_38 (Assign) /device:GPU:0
  save/Assign_39 (Assign) /device:GPU:0
  save/Assign_40 (Assign) /device:GPU:0

2023-07-18 11:06:09.737857: W tensorflow/core/common_runtime/colocation_graph.cc:983] Failed to place the graph without changing the devices of some resources. Some of the operations (that had to be colocated with resource generating operations) are not supported on the resources' devices. Current candidate devices are [
  /job:localhost/replica:0/task:0/device:CPU:0].
See below for details of this colocation group:
Colocation Debug Info:
Colocation group had the following types and supported devices: 
Root Member(assigned_device_name_index_=-1 requested_device_name_='/device:GPU:0' assigned_device_name_='' resource_device_name_='/device:GPU:0' supported_device_types_=[CPU] possible_devices_=[]
Const: CPU XLA_CPU 
Identity: CPU XLA_CPU 
ApplyAdam: CPU 
VariableV2: CPU 
Assign: CPU 

Colocation members, user-requested devices, and framework assigned devices, if any:
  mu_theta_0 (VariableV2) /device:GPU:0
  mu_theta_0/Assign (Assign) /device:GPU:0
  mu_theta_0/read (Identity) /device:GPU:0
  mu_theta_0/Adam/Initializer/zeros (Const) /device:GPU:0
  mu_theta_0/Adam (VariableV2) /device:GPU:0
  mu_theta_0/Adam/Assign (Assign) /device:GPU:0
  mu_theta_0/Adam/read (Identity) /device:GPU:0
  mu_theta_0/Adam_1/Initializer/zeros (Const) /device:GPU:0
  mu_theta_0/Adam_1 (VariableV2) /device:GPU:0
  mu_theta_0/Adam_1/Assign (Assign) /device:GPU:0
  mu_theta_0/Adam_1/read (Identity) /device:GPU:0
  Adam/update_mu_theta_0/ApplyAdam (ApplyAdam) /device:GPU:0
  save/Assign_53 (Assign) /device:GPU:0
  save/Assign_54 (Assign) /device:GPU:0
  save/Assign_55 (Assign) /device:GPU:0

2023-07-18 11:06:09.738284: W tensorflow/core/common_runtime/colocation_graph.cc:983] Failed to place the graph without changing the devices of some resources. Some of the operations (that had to be colocated with resource generating operations) are not supported on the resources' devices. Current candidate devices are [
  /job:localhost/replica:0/task:0/device:CPU:0].
See below for details of this colocation group:
Colocation Debug Info:
Colocation group had the following types and supported devices: 
Root Member(assigned_device_name_index_=-1 requested_device_name_='/device:GPU:0' assigned_device_name_='' resource_device_name_='/device:GPU:0' supported_device_types_=[CPU] possible_devices_=[]
Const: CPU XLA_CPU 
Identity: CPU XLA_CPU 
ApplyAdam: CPU 
VariableV2: CPU 
Assign: CPU 

Colocation members, user-requested devices, and framework assigned devices, if any:
  sigma_rho_0 (VariableV2) /device:GPU:0
  sigma_rho_0/Assign (Assign) /device:GPU:0
  sigma_rho_0/read (Identity) /device:GPU:0
  sigma_rho_0/Adam/Initializer/zeros (Const) /device:GPU:0
  sigma_rho_0/Adam (VariableV2) /device:GPU:0
  sigma_rho_0/Adam/Assign (Assign) /device:GPU:0
  sigma_rho_0/Adam/read (Identity) /device:GPU:0
  sigma_rho_0/Adam_1/Initializer/zeros (Const) /device:GPU:0
  sigma_rho_0/Adam_1 (VariableV2) /device:GPU:0
  sigma_rho_0/Adam_1/Assign (Assign) /device:GPU:0
  sigma_rho_0/Adam_1/read (Identity) /device:GPU:0
  Adam/update_sigma_rho_0/ApplyAdam (ApplyAdam) /device:GPU:0
  save/Assign_68 (Assign) /device:GPU:0
  save/Assign_69 (Assign) /device:GPU:0
  save/Assign_70 (Assign) /device:GPU:0

2023-07-18 11:06:09.738712: W tensorflow/core/common_runtime/colocation_graph.cc:983] Failed to place the graph without changing the devices of some resources. Some of the operations (that had to be colocated with resource generating operations) are not supported on the resources' devices. Current candidate devices are [
  /job:localhost/replica:0/task:0/device:CPU:0].
See below for details of this colocation group:
Colocation Debug Info:
Colocation group had the following types and supported devices: 
Root Member(assigned_device_name_index_=-1 requested_device_name_='/device:GPU:0' assigned_device_name_='' resource_device_name_='/device:GPU:0' supported_device_types_=[CPU] possible_devices_=[]
Const: CPU XLA_CPU 
Identity: CPU XLA_CPU 
ApplyAdam: CPU 
VariableV2: CPU 
Assign: CPU 

Colocation members, user-requested devices, and framework assigned devices, if any:
  sigma_theta_0 (VariableV2) /device:GPU:0
  sigma_theta_0/Assign (Assign) /device:GPU:0
  sigma_theta_0/read (Identity) /device:GPU:0
  sigma_theta_0/Adam/Initializer/zeros (Const) /device:GPU:0
  sigma_theta_0/Adam (VariableV2) /device:GPU:0
  sigma_theta_0/Adam/Assign (Assign) /device:GPU:0
  sigma_theta_0/Adam/read (Identity) /device:GPU:0
  sigma_theta_0/Adam_1/Initializer/zeros (Const) /device:GPU:0
  sigma_theta_0/Adam_1 (VariableV2) /device:GPU:0
  sigma_theta_0/Adam_1/Assign (Assign) /device:GPU:0
  sigma_theta_0/Adam_1/read (Identity) /device:GPU:0
  Adam/update_sigma_theta_0/ApplyAdam (ApplyAdam) /device:GPU:0
  save/Assign_83 (Assign) /device:GPU:0
  save/Assign_84 (Assign) /device:GPU:0
  save/Assign_85 (Assign) /device:GPU:0

2023-07-18 11:06:09.739128: W tensorflow/core/common_runtime/colocation_graph.cc:983] Failed to place the graph without changing the devices of some resources. Some of the operations (that had to be colocated with resource generating operations) are not supported on the resources' devices. Current candidate devices are [
  /job:localhost/replica:0/task:0/device:CPU:0].
See below for details of this colocation group:
Colocation Debug Info:
Colocation group had the following types and supported devices: 
Root Member(assigned_device_name_index_=-1 requested_device_name_='/device:GPU:0' assigned_device_name_='' resource_device_name_='/device:GPU:0' supported_device_types_=[CPU] possible_devices_=[]
Const: CPU XLA_CPU 
Identity: CPU XLA_CPU 
ApplyAdam: CPU 
VariableV2: CPU 
Assign: CPU 

Colocation members, user-requested devices, and framework assigned devices, if any:
  mu_rho_1 (VariableV2) /device:GPU:0
  mu_rho_1/Assign (Assign) /device:GPU:0
  mu_rho_1/read (Identity) /device:GPU:0
  mu_rho_1/Adam/Initializer/zeros (Const) /device:GPU:0
  mu_rho_1/Adam (VariableV2) /device:GPU:0
  mu_rho_1/Adam/Assign (Assign) /device:GPU:0
  mu_rho_1/Adam/read (Identity) /device:GPU:0
  mu_rho_1/Adam_1/Initializer/zeros (Const) /device:GPU:0
  mu_rho_1/Adam_1 (VariableV2) /device:GPU:0
  mu_rho_1/Adam_1/Assign (Assign) /device:GPU:0
  mu_rho_1/Adam_1/read (Identity) /device:GPU:0
  Adam/update_mu_rho_1/ApplyAdam (ApplyAdam) /device:GPU:0
  save/Assign_41 (Assign) /device:GPU:0
  save/Assign_42 (Assign) /device:GPU:0
  save/Assign_43 (Assign) /device:GPU:0

2023-07-18 11:06:09.739541: W tensorflow/core/common_runtime/colocation_graph.cc:983] Failed to place the graph without changing the devices of some resources. Some of the operations (that had to be colocated with resource generating operations) are not supported on the resources' devices. Current candidate devices are [
  /job:localhost/replica:0/task:0/device:CPU:0].
See below for details of this colocation group:
Colocation Debug Info:
Colocation group had the following types and supported devices: 
Root Member(assigned_device_name_index_=-1 requested_device_name_='/device:GPU:0' assigned_device_name_='' resource_device_name_='/device:GPU:0' supported_device_types_=[CPU] possible_devices_=[]
Const: CPU XLA_CPU 
Identity: CPU XLA_CPU 
ApplyAdam: CPU 
VariableV2: CPU 
Assign: CPU 

Colocation members, user-requested devices, and framework assigned devices, if any:
  mu_theta_1 (VariableV2) /device:GPU:0
  mu_theta_1/Assign (Assign) /device:GPU:0
  mu_theta_1/read (Identity) /device:GPU:0
  mu_theta_1/Adam/Initializer/zeros (Const) /device:GPU:0
  mu_theta_1/Adam (VariableV2) /device:GPU:0
  mu_theta_1/Adam/Assign (Assign) /device:GPU:0
  mu_theta_1/Adam/read (Identity) /device:GPU:0
  mu_theta_1/Adam_1/Initializer/zeros (Const) /device:GPU:0
  mu_theta_1/Adam_1 (VariableV2) /device:GPU:0
  mu_theta_1/Adam_1/Assign (Assign) /device:GPU:0
  mu_theta_1/Adam_1/read (Identity) /device:GPU:0
  Adam/update_mu_theta_1/ApplyAdam (ApplyAdam) /device:GPU:0
  save/Assign_56 (Assign) /device:GPU:0
  save/Assign_57 (Assign) /device:GPU:0
  save/Assign_58 (Assign) /device:GPU:0

2023-07-18 11:06:09.739989: W tensorflow/core/common_runtime/colocation_graph.cc:983] Failed to place the graph without changing the devices of some resources. Some of the operations (that had to be colocated with resource generating operations) are not supported on the resources' devices. Current candidate devices are [
  /job:localhost/replica:0/task:0/device:CPU:0].
See below for details of this colocation group:
Colocation Debug Info:
Colocation group had the following types and supported devices: 
Root Member(assigned_device_name_index_=-1 requested_device_name_='/device:GPU:0' assigned_device_name_='' resource_device_name_='/device:GPU:0' supported_device_types_=[CPU] possible_devices_=[]
Const: CPU XLA_CPU 
Identity: CPU XLA_CPU 
ApplyAdam: CPU 
VariableV2: CPU 
Assign: CPU 

Colocation members, user-requested devices, and framework assigned devices, if any:
  sigma_rho_1 (VariableV2) /device:GPU:0
  sigma_rho_1/Assign (Assign) /device:GPU:0
  sigma_rho_1/read (Identity) /device:GPU:0
  sigma_rho_1/Adam/Initializer/zeros (Const) /device:GPU:0
  sigma_rho_1/Adam (VariableV2) /device:GPU:0
  sigma_rho_1/Adam/Assign (Assign) /device:GPU:0
  sigma_rho_1/Adam/read (Identity) /device:GPU:0
  sigma_rho_1/Adam_1/Initializer/zeros (Const) /device:GPU:0
  sigma_rho_1/Adam_1 (VariableV2) /device:GPU:0
  sigma_rho_1/Adam_1/Assign (Assign) /device:GPU:0
  sigma_rho_1/Adam_1/read (Identity) /device:GPU:0
  Adam/update_sigma_rho_1/ApplyAdam (ApplyAdam) /device:GPU:0
  save/Assign_71 (Assign) /device:GPU:0
  save/Assign_72 (Assign) /device:GPU:0
  save/Assign_73 (Assign) /device:GPU:0

2023-07-18 11:06:09.740401: W tensorflow/core/common_runtime/colocation_graph.cc:983] Failed to place the graph without changing the devices of some resources. Some of the operations (that had to be colocated with resource generating operations) are not supported on the resources' devices. Current candidate devices are [
  /job:localhost/replica:0/task:0/device:CPU:0].
See below for details of this colocation group:
Colocation Debug Info:
Colocation group had the following types and supported devices: 
Root Member(assigned_device_name_index_=-1 requested_device_name_='/device:GPU:0' assigned_device_name_='' resource_device_name_='/device:GPU:0' supported_device_types_=[CPU] possible_devices_=[]
Const: CPU XLA_CPU 
Identity: CPU XLA_CPU 
ApplyAdam: CPU 
VariableV2: CPU 
Assign: CPU 

Colocation members, user-requested devices, and framework assigned devices, if any:
  sigma_theta_1 (VariableV2) /device:GPU:0
  sigma_theta_1/Assign (Assign) /device:GPU:0
  sigma_theta_1/read (Identity) /device:GPU:0
  sigma_theta_1/Adam/Initializer/zeros (Const) /device:GPU:0
  sigma_theta_1/Adam (VariableV2) /device:GPU:0
  sigma_theta_1/Adam/Assign (Assign) /device:GPU:0
  sigma_theta_1/Adam/read (Identity) /device:GPU:0
  sigma_theta_1/Adam_1/Initializer/zeros (Const) /device:GPU:0
  sigma_theta_1/Adam_1 (VariableV2) /device:GPU:0
  sigma_theta_1/Adam_1/Assign (Assign) /device:GPU:0
  sigma_theta_1/Adam_1/read (Identity) /device:GPU:0
  Adam/update_sigma_theta_1/ApplyAdam (ApplyAdam) /device:GPU:0
  save/Assign_86 (Assign) /device:GPU:0
  save/Assign_87 (Assign) /device:GPU:0
  save/Assign_88 (Assign) /device:GPU:0

2023-07-18 11:06:09.740849: W tensorflow/core/common_runtime/colocation_graph.cc:983] Failed to place the graph without changing the devices of some resources. Some of the operations (that had to be colocated with resource generating operations) are not supported on the resources' devices. Current candidate devices are [
  /job:localhost/replica:0/task:0/device:CPU:0].
See below for details of this colocation group:
Colocation Debug Info:
Colocation group had the following types and supported devices: 
Root Member(assigned_device_name_index_=-1 requested_device_name_='/device:GPU:0' assigned_device_name_='' resource_device_name_='/device:GPU:0' supported_device_types_=[CPU] possible_devices_=[]
Const: CPU XLA_CPU 
Identity: CPU XLA_CPU 
ApplyAdam: CPU 
VariableV2: CPU 
Assign: CPU 

Colocation members, user-requested devices, and framework assigned devices, if any:
  mu_rho_2 (VariableV2) /device:GPU:0
  mu_rho_2/Assign (Assign) /device:GPU:0
  mu_rho_2/read (Identity) /device:GPU:0
  mu_rho_2/Adam/Initializer/zeros (Const) /device:GPU:0
  mu_rho_2/Adam (VariableV2) /device:GPU:0
  mu_rho_2/Adam/Assign (Assign) /device:GPU:0
  mu_rho_2/Adam/read (Identity) /device:GPU:0
  mu_rho_2/Adam_1/Initializer/zeros (Const) /device:GPU:0
  mu_rho_2/Adam_1 (VariableV2) /device:GPU:0
  mu_rho_2/Adam_1/Assign (Assign) /device:GPU:0
  mu_rho_2/Adam_1/read (Identity) /device:GPU:0
  Adam/update_mu_rho_2/ApplyAdam (ApplyAdam) /device:GPU:0
  save/Assign_44 (Assign) /device:GPU:0
  save/Assign_45 (Assign) /device:GPU:0
  save/Assign_46 (Assign) /device:GPU:0

2023-07-18 11:06:09.741262: W tensorflow/core/common_runtime/colocation_graph.cc:983] Failed to place the graph without changing the devices of some resources. Some of the operations (that had to be colocated with resource generating operations) are not supported on the resources' devices. Current candidate devices are [
  /job:localhost/replica:0/task:0/device:CPU:0].
See below for details of this colocation group:
Colocation Debug Info:
Colocation group had the following types and supported devices: 
Root Member(assigned_device_name_index_=-1 requested_device_name_='/device:GPU:0' assigned_device_name_='' resource_device_name_='/device:GPU:0' supported_device_types_=[CPU] possible_devices_=[]
Const: CPU XLA_CPU 
Identity: CPU XLA_CPU 
ApplyAdam: CPU 
VariableV2: CPU 
Assign: CPU 

Colocation members, user-requested devices, and framework assigned devices, if any:
  mu_theta_2 (VariableV2) /device:GPU:0
  mu_theta_2/Assign (Assign) /device:GPU:0
  mu_theta_2/read (Identity) /device:GPU:0
  mu_theta_2/Adam/Initializer/zeros (Const) /device:GPU:0
  mu_theta_2/Adam (VariableV2) /device:GPU:0
  mu_theta_2/Adam/Assign (Assign) /device:GPU:0
  mu_theta_2/Adam/read (Identity) /device:GPU:0
  mu_theta_2/Adam_1/Initializer/zeros (Const) /device:GPU:0
  mu_theta_2/Adam_1 (VariableV2) /device:GPU:0
  mu_theta_2/Adam_1/Assign (Assign) /device:GPU:0
  mu_theta_2/Adam_1/read (Identity) /device:GPU:0
  Adam/update_mu_theta_2/ApplyAdam (ApplyAdam) /device:GPU:0
  save/Assign_59 (Assign) /device:GPU:0
  save/Assign_60 (Assign) /device:GPU:0
  save/Assign_61 (Assign) /device:GPU:0

2023-07-18 11:06:09.741674: W tensorflow/core/common_runtime/colocation_graph.cc:983] Failed to place the graph without changing the devices of some resources. Some of the operations (that had to be colocated with resource generating operations) are not supported on the resources' devices. Current candidate devices are [
  /job:localhost/replica:0/task:0/device:CPU:0].
See below for details of this colocation group:
Colocation Debug Info:
Colocation group had the following types and supported devices: 
Root Member(assigned_device_name_index_=-1 requested_device_name_='/device:GPU:0' assigned_device_name_='' resource_device_name_='/device:GPU:0' supported_device_types_=[CPU] possible_devices_=[]
Const: CPU XLA_CPU 
Identity: CPU XLA_CPU 
ApplyAdam: CPU 
VariableV2: CPU 
Assign: CPU 

Colocation members, user-requested devices, and framework assigned devices, if any:
  sigma_rho_2 (VariableV2) /device:GPU:0
  sigma_rho_2/Assign (Assign) /device:GPU:0
  sigma_rho_2/read (Identity) /device:GPU:0
  sigma_rho_2/Adam/Initializer/zeros (Const) /device:GPU:0
  sigma_rho_2/Adam (VariableV2) /device:GPU:0
  sigma_rho_2/Adam/Assign (Assign) /device:GPU:0
  sigma_rho_2/Adam/read (Identity) /device:GPU:0
  sigma_rho_2/Adam_1/Initializer/zeros (Const) /device:GPU:0
  sigma_rho_2/Adam_1 (VariableV2) /device:GPU:0
  sigma_rho_2/Adam_1/Assign (Assign) /device:GPU:0
  sigma_rho_2/Adam_1/read (Identity) /device:GPU:0
  Adam/update_sigma_rho_2/ApplyAdam (ApplyAdam) /device:GPU:0
  save/Assign_74 (Assign) /device:GPU:0
  save/Assign_75 (Assign) /device:GPU:0
  save/Assign_76 (Assign) /device:GPU:0

2023-07-18 11:06:09.742137: W tensorflow/core/common_runtime/colocation_graph.cc:983] Failed to place the graph without changing the devices of some resources. Some of the operations (that had to be colocated with resource generating operations) are not supported on the resources' devices. Current candidate devices are [
  /job:localhost/replica:0/task:0/device:CPU:0].
See below for details of this colocation group:
Colocation Debug Info:
Colocation group had the following types and supported devices: 
Root Member(assigned_device_name_index_=-1 requested_device_name_='/device:GPU:0' assigned_device_name_='' resource_device_name_='/device:GPU:0' supported_device_types_=[CPU] possible_devices_=[]
Const: CPU XLA_CPU 
Identity: CPU XLA_CPU 
ApplyAdam: CPU 
VariableV2: CPU 
Assign: CPU 

Colocation members, user-requested devices, and framework assigned devices, if any:
  sigma_theta_2 (VariableV2) /device:GPU:0
  sigma_theta_2/Assign (Assign) /device:GPU:0
  sigma_theta_2/read (Identity) /device:GPU:0
  sigma_theta_2/Adam/Initializer/zeros (Const) /device:GPU:0
  sigma_theta_2/Adam (VariableV2) /device:GPU:0
  sigma_theta_2/Adam/Assign (Assign) /device:GPU:0
  sigma_theta_2/Adam/read (Identity) /device:GPU:0
  sigma_theta_2/Adam_1/Initializer/zeros (Const) /device:GPU:0
  sigma_theta_2/Adam_1 (VariableV2) /device:GPU:0
  sigma_theta_2/Adam_1/Assign (Assign) /device:GPU:0
  sigma_theta_2/Adam_1/read (Identity) /device:GPU:0
  Adam/update_sigma_theta_2/ApplyAdam (ApplyAdam) /device:GPU:0
  save/Assign_89 (Assign) /device:GPU:0
  save/Assign_90 (Assign) /device:GPU:0
  save/Assign_91 (Assign) /device:GPU:0

2023-07-18 11:06:09.742563: W tensorflow/core/common_runtime/colocation_graph.cc:983] Failed to place the graph without changing the devices of some resources. Some of the operations (that had to be colocated with resource generating operations) are not supported on the resources' devices. Current candidate devices are [
  /job:localhost/replica:0/task:0/device:CPU:0].
See below for details of this colocation group:
Colocation Debug Info:
Colocation group had the following types and supported devices: 
Root Member(assigned_device_name_index_=-1 requested_device_name_='/device:GPU:0' assigned_device_name_='' resource_device_name_='/device:GPU:0' supported_device_types_=[CPU] possible_devices_=[]
Const: CPU XLA_CPU 
Identity: CPU XLA_CPU 
ApplyAdam: CPU 
VariableV2: CPU 
Assign: CPU 

Colocation members, user-requested devices, and framework assigned devices, if any:
  mu_rho_3 (VariableV2) /device:GPU:0
  mu_rho_3/Assign (Assign) /device:GPU:0
  mu_rho_3/read (Identity) /device:GPU:0
  mu_rho_3/Adam/Initializer/zeros (Const) /device:GPU:0
  mu_rho_3/Adam (VariableV2) /device:GPU:0
  mu_rho_3/Adam/Assign (Assign) /device:GPU:0
  mu_rho_3/Adam/read (Identity) /device:GPU:0
  mu_rho_3/Adam_1/Initializer/zeros (Const) /device:GPU:0
  mu_rho_3/Adam_1 (VariableV2) /device:GPU:0
  mu_rho_3/Adam_1/Assign (Assign) /device:GPU:0
  mu_rho_3/Adam_1/read (Identity) /device:GPU:0
  Adam/update_mu_rho_3/ApplyAdam (ApplyAdam) /device:GPU:0
  save/Assign_47 (Assign) /device:GPU:0
  save/Assign_48 (Assign) /device:GPU:0
  save/Assign_49 (Assign) /device:GPU:0

2023-07-18 11:06:09.743011: W tensorflow/core/common_runtime/colocation_graph.cc:983] Failed to place the graph without changing the devices of some resources. Some of the operations (that had to be colocated with resource generating operations) are not supported on the resources' devices. Current candidate devices are [
  /job:localhost/replica:0/task:0/device:CPU:0].
See below for details of this colocation group:
Colocation Debug Info:
Colocation group had the following types and supported devices: 
Root Member(assigned_device_name_index_=-1 requested_device_name_='/device:GPU:0' assigned_device_name_='' resource_device_name_='/device:GPU:0' supported_device_types_=[CPU] possible_devices_=[]
Const: CPU XLA_CPU 
Identity: CPU XLA_CPU 
ApplyAdam: CPU 
VariableV2: CPU 
Assign: CPU 

Colocation members, user-requested devices, and framework assigned devices, if any:
  mu_theta_3 (VariableV2) /device:GPU:0
  mu_theta_3/Assign (Assign) /device:GPU:0
  mu_theta_3/read (Identity) /device:GPU:0
  mu_theta_3/Adam/Initializer/zeros (Const) /device:GPU:0
  mu_theta_3/Adam (VariableV2) /device:GPU:0
  mu_theta_3/Adam/Assign (Assign) /device:GPU:0
  mu_theta_3/Adam/read (Identity) /device:GPU:0
  mu_theta_3/Adam_1/Initializer/zeros (Const) /device:GPU:0
  mu_theta_3/Adam_1 (VariableV2) /device:GPU:0
  mu_theta_3/Adam_1/Assign (Assign) /device:GPU:0
  mu_theta_3/Adam_1/read (Identity) /device:GPU:0
  Adam/update_mu_theta_3/ApplyAdam (ApplyAdam) /device:GPU:0
  save/Assign_62 (Assign) /device:GPU:0
  save/Assign_63 (Assign) /device:GPU:0
  save/Assign_64 (Assign) /device:GPU:0

2023-07-18 11:06:09.743425: W tensorflow/core/common_runtime/colocation_graph.cc:983] Failed to place the graph without changing the devices of some resources. Some of the operations (that had to be colocated with resource generating operations) are not supported on the resources' devices. Current candidate devices are [
  /job:localhost/replica:0/task:0/device:CPU:0].
See below for details of this colocation group:
Colocation Debug Info:
Colocation group had the following types and supported devices: 
Root Member(assigned_device_name_index_=-1 requested_device_name_='/device:GPU:0' assigned_device_name_='' resource_device_name_='/device:GPU:0' supported_device_types_=[CPU] possible_devices_=[]
Const: CPU XLA_CPU 
Identity: CPU XLA_CPU 
ApplyAdam: CPU 
VariableV2: CPU 
Assign: CPU 

Colocation members, user-requested devices, and framework assigned devices, if any:
  sigma_rho_3 (VariableV2) /device:GPU:0
  sigma_rho_3/Assign (Assign) /device:GPU:0
  sigma_rho_3/read (Identity) /device:GPU:0
  sigma_rho_3/Adam/Initializer/zeros (Const) /device:GPU:0
  sigma_rho_3/Adam (VariableV2) /device:GPU:0
  sigma_rho_3/Adam/Assign (Assign) /device:GPU:0
  sigma_rho_3/Adam/read (Identity) /device:GPU:0
  sigma_rho_3/Adam_1/Initializer/zeros (Const) /device:GPU:0
  sigma_rho_3/Adam_1 (VariableV2) /device:GPU:0
  sigma_rho_3/Adam_1/Assign (Assign) /device:GPU:0
  sigma_rho_3/Adam_1/read (Identity) /device:GPU:0
  Adam/update_sigma_rho_3/ApplyAdam (ApplyAdam) /device:GPU:0
  save/Assign_77 (Assign) /device:GPU:0
  save/Assign_78 (Assign) /device:GPU:0
  save/Assign_79 (Assign) /device:GPU:0

2023-07-18 11:06:09.743837: W tensorflow/core/common_runtime/colocation_graph.cc:983] Failed to place the graph without changing the devices of some resources. Some of the operations (that had to be colocated with resource generating operations) are not supported on the resources' devices. Current candidate devices are [
  /job:localhost/replica:0/task:0/device:CPU:0].
See below for details of this colocation group:
Colocation Debug Info:
Colocation group had the following types and supported devices: 
Root Member(assigned_device_name_index_=-1 requested_device_name_='/device:GPU:0' assigned_device_name_='' resource_device_name_='/device:GPU:0' supported_device_types_=[CPU] possible_devices_=[]
Const: CPU XLA_CPU 
Identity: CPU XLA_CPU 
ApplyAdam: CPU 
VariableV2: CPU 
Assign: CPU 

Colocation members, user-requested devices, and framework assigned devices, if any:
  sigma_theta_3 (VariableV2) /device:GPU:0
  sigma_theta_3/Assign (Assign) /device:GPU:0
  sigma_theta_3/read (Identity) /device:GPU:0
  sigma_theta_3/Adam/Initializer/zeros (Const) /device:GPU:0
  sigma_theta_3/Adam (VariableV2) /device:GPU:0
  sigma_theta_3/Adam/Assign (Assign) /device:GPU:0
  sigma_theta_3/Adam/read (Identity) /device:GPU:0
  sigma_theta_3/Adam_1/Initializer/zeros (Const) /device:GPU:0
  sigma_theta_3/Adam_1 (VariableV2) /device:GPU:0
  sigma_theta_3/Adam_1/Assign (Assign) /device:GPU:0
  sigma_theta_3/Adam_1/read (Identity) /device:GPU:0
  Adam/update_sigma_theta_3/ApplyAdam (ApplyAdam) /device:GPU:0
  save/Assign_92 (Assign) /device:GPU:0
  save/Assign_93 (Assign) /device:GPU:0
  save/Assign_94 (Assign) /device:GPU:0

2023-07-18 11:06:09.744254: W tensorflow/core/common_runtime/colocation_graph.cc:983] Failed to place the graph without changing the devices of some resources. Some of the operations (that had to be colocated with resource generating operations) are not supported on the resources' devices. Current candidate devices are [
  /job:localhost/replica:0/task:0/device:CPU:0].
See below for details of this colocation group:
Colocation Debug Info:
Colocation group had the following types and supported devices: 
Root Member(assigned_device_name_index_=-1 requested_device_name_='/device:GPU:0' assigned_device_name_='' resource_device_name_='/device:GPU:0' supported_device_types_=[CPU] possible_devices_=[]
Const: CPU XLA_CPU 
Identity: CPU XLA_CPU 
ApplyAdam: CPU 
VariableV2: CPU 
Assign: CPU 

Colocation members, user-requested devices, and framework assigned devices, if any:
  mu_rho_4 (VariableV2) /device:GPU:0
  mu_rho_4/Assign (Assign) /device:GPU:0
  mu_rho_4/read (Identity) /device:GPU:0
  mu_rho_4/Adam/Initializer/zeros (Const) /device:GPU:0
  mu_rho_4/Adam (VariableV2) /device:GPU:0
  mu_rho_4/Adam/Assign (Assign) /device:GPU:0
  mu_rho_4/Adam/read (Identity) /device:GPU:0
  mu_rho_4/Adam_1/Initializer/zeros (Const) /device:GPU:0
  mu_rho_4/Adam_1 (VariableV2) /device:GPU:0
  mu_rho_4/Adam_1/Assign (Assign) /device:GPU:0
  mu_rho_4/Adam_1/read (Identity) /device:GPU:0
  Adam/update_mu_rho_4/ApplyAdam (ApplyAdam) /device:GPU:0
  save/Assign_50 (Assign) /device:GPU:0
  save/Assign_51 (Assign) /device:GPU:0
  save/Assign_52 (Assign) /device:GPU:0

2023-07-18 11:06:09.744668: W tensorflow/core/common_runtime/colocation_graph.cc:983] Failed to place the graph without changing the devices of some resources. Some of the operations (that had to be colocated with resource generating operations) are not supported on the resources' devices. Current candidate devices are [
  /job:localhost/replica:0/task:0/device:CPU:0].
See below for details of this colocation group:
Colocation Debug Info:
Colocation group had the following types and supported devices: 
Root Member(assigned_device_name_index_=-1 requested_device_name_='/device:GPU:0' assigned_device_name_='' resource_device_name_='/device:GPU:0' supported_device_types_=[CPU] possible_devices_=[]
Const: CPU XLA_CPU 
Identity: CPU XLA_CPU 
ApplyAdam: CPU 
VariableV2: CPU 
Assign: CPU 

Colocation members, user-requested devices, and framework assigned devices, if any:
  mu_theta_4 (VariableV2) /device:GPU:0
  mu_theta_4/Assign (Assign) /device:GPU:0
  mu_theta_4/read (Identity) /device:GPU:0
  mu_theta_4/Adam/Initializer/zeros (Const) /device:GPU:0
  mu_theta_4/Adam (VariableV2) /device:GPU:0
  mu_theta_4/Adam/Assign (Assign) /device:GPU:0
  mu_theta_4/Adam/read (Identity) /device:GPU:0
  mu_theta_4/Adam_1/Initializer/zeros (Const) /device:GPU:0
  mu_theta_4/Adam_1 (VariableV2) /device:GPU:0
  mu_theta_4/Adam_1/Assign (Assign) /device:GPU:0
  mu_theta_4/Adam_1/read (Identity) /device:GPU:0
  Adam/update_mu_theta_4/ApplyAdam (ApplyAdam) /device:GPU:0
  save/Assign_65 (Assign) /device:GPU:0
  save/Assign_66 (Assign) /device:GPU:0
  save/Assign_67 (Assign) /device:GPU:0

2023-07-18 11:06:09.745119: W tensorflow/core/common_runtime/colocation_graph.cc:983] Failed to place the graph without changing the devices of some resources. Some of the operations (that had to be colocated with resource generating operations) are not supported on the resources' devices. Current candidate devices are [
  /job:localhost/replica:0/task:0/device:CPU:0].
See below for details of this colocation group:
Colocation Debug Info:
Colocation group had the following types and supported devices: 
Root Member(assigned_device_name_index_=-1 requested_device_name_='/device:GPU:0' assigned_device_name_='' resource_device_name_='/device:GPU:0' supported_device_types_=[CPU] possible_devices_=[]
Const: CPU XLA_CPU 
Identity: CPU XLA_CPU 
ApplyAdam: CPU 
VariableV2: CPU 
Assign: CPU 

Colocation members, user-requested devices, and framework assigned devices, if any:
  sigma_rho_4 (VariableV2) /device:GPU:0
  sigma_rho_4/Assign (Assign) /device:GPU:0
  sigma_rho_4/read (Identity) /device:GPU:0
  sigma_rho_4/Adam/Initializer/zeros (Const) /device:GPU:0
  sigma_rho_4/Adam (VariableV2) /device:GPU:0
  sigma_rho_4/Adam/Assign (Assign) /device:GPU:0
  sigma_rho_4/Adam/read (Identity) /device:GPU:0
  sigma_rho_4/Adam_1/Initializer/zeros (Const) /device:GPU:0
  sigma_rho_4/Adam_1 (VariableV2) /device:GPU:0
  sigma_rho_4/Adam_1/Assign (Assign) /device:GPU:0
  sigma_rho_4/Adam_1/read (Identity) /device:GPU:0
  Adam/update_sigma_rho_4/ApplyAdam (ApplyAdam) /device:GPU:0
  save/Assign_80 (Assign) /device:GPU:0
  save/Assign_81 (Assign) /device:GPU:0
  save/Assign_82 (Assign) /device:GPU:0

2023-07-18 11:06:09.745532: W tensorflow/core/common_runtime/colocation_graph.cc:983] Failed to place the graph without changing the devices of some resources. Some of the operations (that had to be colocated with resource generating operations) are not supported on the resources' devices. Current candidate devices are [
  /job:localhost/replica:0/task:0/device:CPU:0].
See below for details of this colocation group:
Colocation Debug Info:
Colocation group had the following types and supported devices: 
Root Member(assigned_device_name_index_=-1 requested_device_name_='/device:GPU:0' assigned_device_name_='' resource_device_name_='/device:GPU:0' supported_device_types_=[CPU] possible_devices_=[]
Const: CPU XLA_CPU 
Identity: CPU XLA_CPU 
ApplyAdam: CPU 
VariableV2: CPU 
Assign: CPU 

Colocation members, user-requested devices, and framework assigned devices, if any:
  sigma_theta_4 (VariableV2) /device:GPU:0
  sigma_theta_4/Assign (Assign) /device:GPU:0
  sigma_theta_4/read (Identity) /device:GPU:0
  sigma_theta_4/Adam/Initializer/zeros (Const) /device:GPU:0
  sigma_theta_4/Adam (VariableV2) /device:GPU:0
  sigma_theta_4/Adam/Assign (Assign) /device:GPU:0
  sigma_theta_4/Adam/read (Identity) /device:GPU:0
  sigma_theta_4/Adam_1/Initializer/zeros (Const) /device:GPU:0
  sigma_theta_4/Adam_1 (VariableV2) /device:GPU:0
  sigma_theta_4/Adam_1/Assign (Assign) /device:GPU:0
  sigma_theta_4/Adam_1/read (Identity) /device:GPU:0
  Adam/update_sigma_theta_4/ApplyAdam (ApplyAdam) /device:GPU:0
  save/Assign_95 (Assign) /device:GPU:0
  save/Assign_96 (Assign) /device:GPU:0
  save/Assign_97 (Assign) /device:GPU:0

2023-07-18 11:06:09.745973: W tensorflow/core/common_runtime/colocation_graph.cc:983] Failed to place the graph without changing the devices of some resources. Some of the operations (that had to be colocated with resource generating operations) are not supported on the resources' devices. Current candidate devices are [
  /job:localhost/replica:0/task:0/device:CPU:0].
See below for details of this colocation group:
Colocation Debug Info:
Colocation group had the following types and supported devices: 
Root Member(assigned_device_name_index_=-1 requested_device_name_='/device:GPU:0' assigned_device_name_='' resource_device_name_='/device:GPU:0' supported_device_types_=[CPU] possible_devices_=[]
Const: CPU XLA_CPU 
Identity: CPU XLA_CPU 
ApplyAdam: CPU 
VariableV2: CPU 
Assign: CPU 

Colocation members, user-requested devices, and framework assigned devices, if any:
  b_conv_0 (VariableV2) /device:GPU:0
  b_conv_0/Assign (Assign) /device:GPU:0
  b_conv_0/read (Identity) /device:GPU:0
  b_conv_0/Adam/Initializer/zeros (Const) /device:GPU:0
  b_conv_0/Adam (VariableV2) /device:GPU:0
  b_conv_0/Adam/Assign (Assign) /device:GPU:0
  b_conv_0/Adam/read (Identity) /device:GPU:0
  b_conv_0/Adam_1/Initializer/zeros (Const) /device:GPU:0
  b_conv_0/Adam_1 (VariableV2) /device:GPU:0
  b_conv_0/Adam_1/Assign (Assign) /device:GPU:0
  b_conv_0/Adam_1/read (Identity) /device:GPU:0
  Adam/update_b_conv_0/ApplyAdam (ApplyAdam) /device:GPU:0
  save/Assign_15 (Assign) /device:GPU:0
  save/Assign_16 (Assign) /device:GPU:0
  save/Assign_17 (Assign) /device:GPU:0

2023-07-18 11:06:09.746428: W tensorflow/core/common_runtime/colocation_graph.cc:983] Failed to place the graph without changing the devices of some resources. Some of the operations (that had to be colocated with resource generating operations) are not supported on the resources' devices. Current candidate devices are [
  /job:localhost/replica:0/task:0/device:CPU:0].
See below for details of this colocation group:
Colocation Debug Info:
Colocation group had the following types and supported devices: 
Root Member(assigned_device_name_index_=-1 requested_device_name_='/device:GPU:0' assigned_device_name_='' resource_device_name_='/device:GPU:0' supported_device_types_=[CPU] possible_devices_=[]
Const: CPU XLA_CPU 
Identity: CPU XLA_CPU 
ApplyAdam: CPU 
VariableV2: CPU 
Assign: CPU 

Colocation members, user-requested devices, and framework assigned devices, if any:
  b_conv_1 (VariableV2) /device:GPU:0
  b_conv_1/Assign (Assign) /device:GPU:0
  b_conv_1/read (Identity) /device:GPU:0
  b_conv_1/Adam/Initializer/zeros (Const) /device:GPU:0
  b_conv_1/Adam (VariableV2) /device:GPU:0
  b_conv_1/Adam/Assign (Assign) /device:GPU:0
  b_conv_1/Adam/read (Identity) /device:GPU:0
  b_conv_1/Adam_1/Initializer/zeros (Const) /device:GPU:0
  b_conv_1/Adam_1 (VariableV2) /device:GPU:0
  b_conv_1/Adam_1/Assign (Assign) /device:GPU:0
  b_conv_1/Adam_1/read (Identity) /device:GPU:0
  Adam/update_b_conv_1/ApplyAdam (ApplyAdam) /device:GPU:0
  save/Assign_18 (Assign) /device:GPU:0
  save/Assign_19 (Assign) /device:GPU:0
  save/Assign_20 (Assign) /device:GPU:0

2023-07-18 11:06:09.746870: W tensorflow/core/common_runtime/colocation_graph.cc:983] Failed to place the graph without changing the devices of some resources. Some of the operations (that had to be colocated with resource generating operations) are not supported on the resources' devices. Current candidate devices are [
  /job:localhost/replica:0/task:0/device:CPU:0].
See below for details of this colocation group:
Colocation Debug Info:
Colocation group had the following types and supported devices: 
Root Member(assigned_device_name_index_=-1 requested_device_name_='/device:GPU:0' assigned_device_name_='' resource_device_name_='/device:GPU:0' supported_device_types_=[CPU] possible_devices_=[]
Const: CPU XLA_CPU 
Identity: CPU XLA_CPU 
ApplyAdam: CPU 
VariableV2: CPU 
Assign: CPU 

Colocation members, user-requested devices, and framework assigned devices, if any:
  b_conv_2 (VariableV2) /device:GPU:0
  b_conv_2/Assign (Assign) /device:GPU:0
  b_conv_2/read (Identity) /device:GPU:0
  b_conv_2/Adam/Initializer/zeros (Const) /device:GPU:0
  b_conv_2/Adam (VariableV2) /device:GPU:0
  b_conv_2/Adam/Assign (Assign) /device:GPU:0
  b_conv_2/Adam/read (Identity) /device:GPU:0
  b_conv_2/Adam_1/Initializer/zeros (Const) /device:GPU:0
  b_conv_2/Adam_1 (VariableV2) /device:GPU:0
  b_conv_2/Adam_1/Assign (Assign) /device:GPU:0
  b_conv_2/Adam_1/read (Identity) /device:GPU:0
  Adam/update_b_conv_2/ApplyAdam (ApplyAdam) /device:GPU:0
  save/Assign_21 (Assign) /device:GPU:0
  save/Assign_22 (Assign) /device:GPU:0
  save/Assign_23 (Assign) /device:GPU:0

2023-07-18 11:06:09.747288: W tensorflow/core/common_runtime/colocation_graph.cc:983] Failed to place the graph without changing the devices of some resources. Some of the operations (that had to be colocated with resource generating operations) are not supported on the resources' devices. Current candidate devices are [
  /job:localhost/replica:0/task:0/device:CPU:0].
See below for details of this colocation group:
Colocation Debug Info:
Colocation group had the following types and supported devices: 
Root Member(assigned_device_name_index_=-1 requested_device_name_='/device:GPU:0' assigned_device_name_='' resource_device_name_='/device:GPU:0' supported_device_types_=[CPU] possible_devices_=[]
Const: CPU XLA_CPU 
Identity: CPU XLA_CPU 
ApplyAdam: CPU 
VariableV2: CPU 
Assign: CPU 

Colocation members, user-requested devices, and framework assigned devices, if any:
  b_conv_3 (VariableV2) /device:GPU:0
  b_conv_3/Assign (Assign) /device:GPU:0
  b_conv_3/read (Identity) /device:GPU:0
  b_conv_3/Adam/Initializer/zeros (Const) /device:GPU:0
  b_conv_3/Adam (VariableV2) /device:GPU:0
  b_conv_3/Adam/Assign (Assign) /device:GPU:0
  b_conv_3/Adam/read (Identity) /device:GPU:0
  b_conv_3/Adam_1/Initializer/zeros (Const) /device:GPU:0
  b_conv_3/Adam_1 (VariableV2) /device:GPU:0
  b_conv_3/Adam_1/Assign (Assign) /device:GPU:0
  b_conv_3/Adam_1/read (Identity) /device:GPU:0
  Adam/update_b_conv_3/ApplyAdam (ApplyAdam) /device:GPU:0
  save/Assign_24 (Assign) /device:GPU:0
  save/Assign_25 (Assign) /device:GPU:0
  save/Assign_26 (Assign) /device:GPU:0

2023-07-18 11:06:09.747700: W tensorflow/core/common_runtime/colocation_graph.cc:983] Failed to place the graph without changing the devices of some resources. Some of the operations (that had to be colocated with resource generating operations) are not supported on the resources' devices. Current candidate devices are [
  /job:localhost/replica:0/task:0/device:CPU:0].
See below for details of this colocation group:
Colocation Debug Info:
Colocation group had the following types and supported devices: 
Root Member(assigned_device_name_index_=-1 requested_device_name_='/device:GPU:0' assigned_device_name_='' resource_device_name_='/device:GPU:0' supported_device_types_=[CPU] possible_devices_=[]
Const: CPU XLA_CPU 
Identity: CPU XLA_CPU 
ApplyAdam: CPU 
VariableV2: CPU 
Assign: CPU 

Colocation members, user-requested devices, and framework assigned devices, if any:
  b_conv_4 (VariableV2) /device:GPU:0
  b_conv_4/Assign (Assign) /device:GPU:0
  b_conv_4/read (Identity) /device:GPU:0
  b_conv_4/Adam/Initializer/zeros (Const) /device:GPU:0
  b_conv_4/Adam (VariableV2) /device:GPU:0
  b_conv_4/Adam/Assign (Assign) /device:GPU:0
  b_conv_4/Adam/read (Identity) /device:GPU:0
  b_conv_4/Adam_1/Initializer/zeros (Const) /device:GPU:0
  b_conv_4/Adam_1 (VariableV2) /device:GPU:0
  b_conv_4/Adam_1/Assign (Assign) /device:GPU:0
  b_conv_4/Adam_1/read (Identity) /device:GPU:0
  Adam/update_b_conv_4/ApplyAdam (ApplyAdam) /device:GPU:0
  save/Assign_27 (Assign) /device:GPU:0
  save/Assign_28 (Assign) /device:GPU:0
  save/Assign_29 (Assign) /device:GPU:0

2023-07-18 11:06:09.748208: W tensorflow/core/common_runtime/colocation_graph.cc:983] Failed to place the graph without changing the devices of some resources. Some of the operations (that had to be colocated with resource generating operations) are not supported on the resources' devices. Current candidate devices are [
  /job:localhost/replica:0/task:0/device:CPU:0].
See below for details of this colocation group:
Colocation Debug Info:
Colocation group had the following types and supported devices: 
Root Member(assigned_device_name_index_=-1 requested_device_name_='/device:GPU:0' assigned_device_name_='' resource_device_name_='/device:GPU:0' supported_device_types_=[CPU] possible_devices_=[]
Assign: CPU 
ApplyAdam: CPU 
RandomUniform: CPU XLA_CPU 
Fill: CPU XLA_CPU 
Const: CPU XLA_CPU 
Mul: CPU XLA_CPU 
Sub: CPU XLA_CPU 
Add: CPU XLA_CPU 
Identity: CPU XLA_CPU 
VariableV2: CPU 

Colocation members, user-requested devices, and framework assigned devices, if any:
  W_conv_0/Initializer/random_uniform/shape (Const) 
  W_conv_0/Initializer/random_uniform/min (Const) 
  W_conv_0/Initializer/random_uniform/max (Const) 
  W_conv_0/Initializer/random_uniform/RandomUniform (RandomUniform) 
  W_conv_0/Initializer/random_uniform/sub (Sub) 
  W_conv_0/Initializer/random_uniform/mul (Mul) 
  W_conv_0/Initializer/random_uniform (Add) 
  W_conv_0 (VariableV2) /device:GPU:0
  W_conv_0/Assign (Assign) /device:GPU:0
  W_conv_0/read (Identity) /device:GPU:0
  beta1_power/initial_value (Const) /device:GPU:0
  beta1_power (VariableV2) /device:GPU:0
  beta1_power/Assign (Assign) /device:GPU:0
  beta1_power/read (Identity) /device:GPU:0
  beta2_power/initial_value (Const) /device:GPU:0
  beta2_power (VariableV2) /device:GPU:0
  beta2_power/Assign (Assign) /device:GPU:0
  beta2_power/read (Identity) /device:GPU:0
  W_conv_0/Adam/Initializer/zeros/shape_as_tensor (Const) /device:GPU:0
  W_conv_0/Adam/Initializer/zeros/Const (Const) /device:GPU:0
  W_conv_0/Adam/Initializer/zeros (Fill) /device:GPU:0
  W_conv_0/Adam (VariableV2) /device:GPU:0
  W_conv_0/Adam/Assign (Assign) /device:GPU:0
  W_conv_0/Adam/read (Identity) /device:GPU:0
  W_conv_0/Adam_1/Initializer/zeros/shape_as_tensor (Const) /device:GPU:0
  W_conv_0/Adam_1/Initializer/zeros/Const (Const) /device:GPU:0
  W_conv_0/Adam_1/Initializer/zeros (Fill) /device:GPU:0
  W_conv_0/Adam_1 (VariableV2) /device:GPU:0
  W_conv_0/Adam_1/Assign (Assign) /device:GPU:0
  W_conv_0/Adam_1/read (Identity) /device:GPU:0
  Adam/update_W_conv_0/ApplyAdam (ApplyAdam) /device:GPU:0
  Adam/mul (Mul) /device:GPU:0
  Adam/Assign (Assign) /device:GPU:0
  Adam/mul_1 (Mul) /device:GPU:0
  Adam/Assign_1 (Assign) /device:GPU:0
  save/Assign (Assign) /device:GPU:0
  save/Assign_1 (Assign) /device:GPU:0
  save/Assign_2 (Assign) /device:GPU:0
  save/Assign_30 (Assign) /device:GPU:0
  save/Assign_31 (Assign) /device:GPU:0

2023-07-18 11:06:09.749368: W tensorflow/core/common_runtime/colocation_graph.cc:983] Failed to place the graph without changing the devices of some resources. Some of the operations (that had to be colocated with resource generating operations) are not supported on the resources' devices. Current candidate devices are [
  /job:localhost/replica:0/task:0/device:CPU:0].
See below for details of this colocation group:
Colocation Debug Info:
Colocation group had the following types and supported devices: 
Root Member(assigned_device_name_index_=-1 requested_device_name_='/device:GPU:0' assigned_device_name_='' resource_device_name_='/device:GPU:0' supported_device_types_=[CPU] possible_devices_=[]
Assign: CPU 
ApplyAdam: CPU 
RandomUniform: CPU XLA_CPU 
Fill: CPU XLA_CPU 
Const: CPU XLA_CPU 
Mul: CPU XLA_CPU 
Sub: CPU XLA_CPU 
Add: CPU XLA_CPU 
Identity: CPU XLA_CPU 
VariableV2: CPU 

Colocation members, user-requested devices, and framework assigned devices, if any:
  W_conv_1/Initializer/random_uniform/shape (Const) 
  W_conv_1/Initializer/random_uniform/min (Const) 
  W_conv_1/Initializer/random_uniform/max (Const) 
  W_conv_1/Initializer/random_uniform/RandomUniform (RandomUniform) 
  W_conv_1/Initializer/random_uniform/sub (Sub) 
  W_conv_1/Initializer/random_uniform/mul (Mul) 
  W_conv_1/Initializer/random_uniform (Add) 
  W_conv_1 (VariableV2) /device:GPU:0
  W_conv_1/Assign (Assign) /device:GPU:0
  W_conv_1/read (Identity) /device:GPU:0
  W_conv_1/Adam/Initializer/zeros/shape_as_tensor (Const) /device:GPU:0
  W_conv_1/Adam/Initializer/zeros/Const (Const) /device:GPU:0
  W_conv_1/Adam/Initializer/zeros (Fill) /device:GPU:0
  W_conv_1/Adam (VariableV2) /device:GPU:0
  W_conv_1/Adam/Assign (Assign) /device:GPU:0
  W_conv_1/Adam/read (Identity) /device:GPU:0
  W_conv_1/Adam_1/Initializer/zeros/shape_as_tensor (Const) /device:GPU:0
  W_conv_1/Adam_1/Initializer/zeros/Const (Const) /device:GPU:0
  W_conv_1/Adam_1/Initializer/zeros (Fill) /device:GPU:0
  W_conv_1/Adam_1 (VariableV2) /device:GPU:0
  W_conv_1/Adam_1/Assign (Assign) /device:GPU:0
  W_conv_1/Adam_1/read (Identity) /device:GPU:0
  Adam/update_W_conv_1/ApplyAdam (ApplyAdam) /device:GPU:0
  save/Assign_3 (Assign) /device:GPU:0
  save/Assign_4 (Assign) /device:GPU:0
  save/Assign_5 (Assign) /device:GPU:0

2023-07-18 11:06:09.750574: W tensorflow/core/common_runtime/colocation_graph.cc:983] Failed to place the graph without changing the devices of some resources. Some of the operations (that had to be colocated with resource generating operations) are not supported on the resources' devices. Current candidate devices are [
  /job:localhost/replica:0/task:0/device:CPU:0].
See below for details of this colocation group:
Colocation Debug Info:
Colocation group had the following types and supported devices: 
Root Member(assigned_device_name_index_=-1 requested_device_name_='/device:GPU:0' assigned_device_name_='' resource_device_name_='/device:GPU:0' supported_device_types_=[CPU] possible_devices_=[]
Assign: CPU 
ApplyAdam: CPU 
RandomUniform: CPU XLA_CPU 
Fill: CPU XLA_CPU 
Const: CPU XLA_CPU 
Mul: CPU XLA_CPU 
Sub: CPU XLA_CPU 
Add: CPU XLA_CPU 
Identity: CPU XLA_CPU 
VariableV2: CPU 

Colocation members, user-requested devices, and framework assigned devices, if any:
  W_conv_2/Initializer/random_uniform/shape (Const) 
  W_conv_2/Initializer/random_uniform/min (Const) 
  W_conv_2/Initializer/random_uniform/max (Const) 
  W_conv_2/Initializer/random_uniform/RandomUniform (RandomUniform) 
  W_conv_2/Initializer/random_uniform/sub (Sub) 
  W_conv_2/Initializer/random_uniform/mul (Mul) 
  W_conv_2/Initializer/random_uniform (Add) 
  W_conv_2 (VariableV2) /device:GPU:0
  W_conv_2/Assign (Assign) /device:GPU:0
  W_conv_2/read (Identity) /device:GPU:0
  W_conv_2/Adam/Initializer/zeros/shape_as_tensor (Const) /device:GPU:0
  W_conv_2/Adam/Initializer/zeros/Const (Const) /device:GPU:0
  W_conv_2/Adam/Initializer/zeros (Fill) /device:GPU:0
  W_conv_2/Adam (VariableV2) /device:GPU:0
  W_conv_2/Adam/Assign (Assign) /device:GPU:0
  W_conv_2/Adam/read (Identity) /device:GPU:0
  W_conv_2/Adam_1/Initializer/zeros/shape_as_tensor (Const) /device:GPU:0
  W_conv_2/Adam_1/Initializer/zeros/Const (Const) /device:GPU:0
  W_conv_2/Adam_1/Initializer/zeros (Fill) /device:GPU:0
  W_conv_2/Adam_1 (VariableV2) /device:GPU:0
  W_conv_2/Adam_1/Assign (Assign) /device:GPU:0
  W_conv_2/Adam_1/read (Identity) /device:GPU:0
  Adam/update_W_conv_2/ApplyAdam (ApplyAdam) /device:GPU:0
  save/Assign_6 (Assign) /device:GPU:0
  save/Assign_7 (Assign) /device:GPU:0
  save/Assign_8 (Assign) /device:GPU:0

2023-07-18 11:06:09.751742: W tensorflow/core/common_runtime/colocation_graph.cc:983] Failed to place the graph without changing the devices of some resources. Some of the operations (that had to be colocated with resource generating operations) are not supported on the resources' devices. Current candidate devices are [
  /job:localhost/replica:0/task:0/device:CPU:0].
See below for details of this colocation group:
Colocation Debug Info:
Colocation group had the following types and supported devices: 
Root Member(assigned_device_name_index_=-1 requested_device_name_='/device:GPU:0' assigned_device_name_='' resource_device_name_='/device:GPU:0' supported_device_types_=[CPU] possible_devices_=[]
Assign: CPU 
ApplyAdam: CPU 
RandomUniform: CPU XLA_CPU 
Fill: CPU XLA_CPU 
Const: CPU XLA_CPU 
Mul: CPU XLA_CPU 
Sub: CPU XLA_CPU 
Add: CPU XLA_CPU 
Identity: CPU XLA_CPU 
VariableV2: CPU 

Colocation members, user-requested devices, and framework assigned devices, if any:
  W_conv_3/Initializer/random_uniform/shape (Const) 
  W_conv_3/Initializer/random_uniform/min (Const) 
  W_conv_3/Initializer/random_uniform/max (Const) 
  W_conv_3/Initializer/random_uniform/RandomUniform (RandomUniform) 
  W_conv_3/Initializer/random_uniform/sub (Sub) 
  W_conv_3/Initializer/random_uniform/mul (Mul) 
  W_conv_3/Initializer/random_uniform (Add) 
  W_conv_3 (VariableV2) /device:GPU:0
  W_conv_3/Assign (Assign) /device:GPU:0
  W_conv_3/read (Identity) /device:GPU:0
  W_conv_3/Adam/Initializer/zeros/shape_as_tensor (Const) /device:GPU:0
  W_conv_3/Adam/Initializer/zeros/Const (Const) /device:GPU:0
  W_conv_3/Adam/Initializer/zeros (Fill) /device:GPU:0
  W_conv_3/Adam (VariableV2) /device:GPU:0
  W_conv_3/Adam/Assign (Assign) /device:GPU:0
  W_conv_3/Adam/read (Identity) /device:GPU:0
  W_conv_3/Adam_1/Initializer/zeros/shape_as_tensor (Const) /device:GPU:0
  W_conv_3/Adam_1/Initializer/zeros/Const (Const) /device:GPU:0
  W_conv_3/Adam_1/Initializer/zeros (Fill) /device:GPU:0
  W_conv_3/Adam_1 (VariableV2) /device:GPU:0
  W_conv_3/Adam_1/Assign (Assign) /device:GPU:0
  W_conv_3/Adam_1/read (Identity) /device:GPU:0
  Adam/update_W_conv_3/ApplyAdam (ApplyAdam) /device:GPU:0
  save/Assign_9 (Assign) /device:GPU:0
  save/Assign_10 (Assign) /device:GPU:0
  save/Assign_11 (Assign) /device:GPU:0

2023-07-18 11:06:09.752872: W tensorflow/core/common_runtime/colocation_graph.cc:983] Failed to place the graph without changing the devices of some resources. Some of the operations (that had to be colocated with resource generating operations) are not supported on the resources' devices. Current candidate devices are [
  /job:localhost/replica:0/task:0/device:CPU:0].
See below for details of this colocation group:
Colocation Debug Info:
Colocation group had the following types and supported devices: 
Root Member(assigned_device_name_index_=-1 requested_device_name_='/device:GPU:0' assigned_device_name_='' resource_device_name_='/device:GPU:0' supported_device_types_=[CPU] possible_devices_=[]
Assign: CPU 
ApplyAdam: CPU 
RandomUniform: CPU XLA_CPU 
Fill: CPU XLA_CPU 
Const: CPU XLA_CPU 
Mul: CPU XLA_CPU 
Sub: CPU XLA_CPU 
Add: CPU XLA_CPU 
Identity: CPU XLA_CPU 
VariableV2: CPU 

Colocation members, user-requested devices, and framework assigned devices, if any:
  W_conv_4/Initializer/random_uniform/shape (Const) 
  W_conv_4/Initializer/random_uniform/min (Const) 
  W_conv_4/Initializer/random_uniform/max (Const) 
  W_conv_4/Initializer/random_uniform/RandomUniform (RandomUniform) 
  W_conv_4/Initializer/random_uniform/sub (Sub) 
  W_conv_4/Initializer/random_uniform/mul (Mul) 
  W_conv_4/Initializer/random_uniform (Add) 
  W_conv_4 (VariableV2) /device:GPU:0
  W_conv_4/Assign (Assign) /device:GPU:0
  W_conv_4/read (Identity) /device:GPU:0
  W_conv_4/Adam/Initializer/zeros/shape_as_tensor (Const) /device:GPU:0
  W_conv_4/Adam/Initializer/zeros/Const (Const) /device:GPU:0
  W_conv_4/Adam/Initializer/zeros (Fill) /device:GPU:0
  W_conv_4/Adam (VariableV2) /device:GPU:0
  W_conv_4/Adam/Assign (Assign) /device:GPU:0
  W_conv_4/Adam/read (Identity) /device:GPU:0
  W_conv_4/Adam_1/Initializer/zeros/shape_as_tensor (Const) /device:GPU:0
  W_conv_4/Adam_1/Initializer/zeros/Const (Const) /device:GPU:0
  W_conv_4/Adam_1/Initializer/zeros (Fill) /device:GPU:0
  W_conv_4/Adam_1 (VariableV2) /device:GPU:0
  W_conv_4/Adam_1/Assign (Assign) /device:GPU:0
  W_conv_4/Adam_1/read (Identity) /device:GPU:0
  Adam/update_W_conv_4/ApplyAdam (ApplyAdam) /device:GPU:0
  save/Assign_12 (Assign) /device:GPU:0
  save/Assign_13 (Assign) /device:GPU:0
  save/Assign_14 (Assign) /device:GPU:0

2023-07-18 11:06:09.753998: W tensorflow/core/common_runtime/colocation_graph.cc:983] Failed to place the graph without changing the devices of some resources. Some of the operations (that had to be colocated with resource generating operations) are not supported on the resources' devices. Current candidate devices are [
  /job:localhost/replica:0/task:0/device:CPU:0].
See below for details of this colocation group:
Colocation Debug Info:
Colocation group had the following types and supported devices: 
Root Member(assigned_device_name_index_=-1 requested_device_name_='/device:GPU:0' assigned_device_name_='' resource_device_name_='/device:GPU:0' supported_device_types_=[CPU] possible_devices_=[]
Assign: CPU 
ApplyAdam: CPU 
RandomUniform: CPU XLA_CPU 
Fill: CPU XLA_CPU 
Const: CPU XLA_CPU 
Mul: CPU XLA_CPU 
Sub: CPU XLA_CPU 
Add: CPU XLA_CPU 
Identity: CPU XLA_CPU 
VariableV2: CPU 

Colocation members, user-requested devices, and framework assigned devices, if any:
  fully_connected/weights/Initializer/random_uniform/shape (Const) 
  fully_connected/weights/Initializer/random_uniform/min (Const) 
  fully_connected/weights/Initializer/random_uniform/max (Const) 
  fully_connected/weights/Initializer/random_uniform/RandomUniform (RandomUniform) 
  fully_connected/weights/Initializer/random_uniform/sub (Sub) 
  fully_connected/weights/Initializer/random_uniform/mul (Mul) 
  fully_connected/weights/Initializer/random_uniform (Add) 
  fully_connected/weights (VariableV2) /device:GPU:0
  fully_connected/weights/Assign (Assign) /device:GPU:0
  fully_connected/weights/read (Identity) /device:GPU:0
  fully_connected/weights/Adam/Initializer/zeros/shape_as_tensor (Const) /device:GPU:0
  fully_connected/weights/Adam/Initializer/zeros/Const (Const) /device:GPU:0
  fully_connected/weights/Adam/Initializer/zeros (Fill) /device:GPU:0
  fully_connected/weights/Adam (VariableV2) /device:GPU:0
  fully_connected/weights/Adam/Assign (Assign) /device:GPU:0
  fully_connected/weights/Adam/read (Identity) /device:GPU:0
  fully_connected/weights/Adam_1/Initializer/zeros/shape_as_tensor (Const) /device:GPU:0
  fully_connected/weights/Adam_1/Initializer/zeros/Const (Const) /device:GPU:0
  fully_connected/weights/Adam_1/Initializer/zeros (Fill) /device:GPU:0
  fully_connected/weights/Adam_1 (VariableV2) /device:GPU:0
  fully_connected/weights/Adam_1/Assign (Assign) /device:GPU:0
  fully_connected/weights/Adam_1/read (Identity) /device:GPU:0
  Adam/update_fully_connected/weights/ApplyAdam (ApplyAdam) /device:GPU:0
  save/Assign_35 (Assign) /device:GPU:0
  save/Assign_36 (Assign) /device:GPU:0
  save/Assign_37 (Assign) /device:GPU:0

2023-07-18 11:06:09.754442: W tensorflow/core/common_runtime/colocation_graph.cc:983] Failed to place the graph without changing the devices of some resources. Some of the operations (that had to be colocated with resource generating operations) are not supported on the resources' devices. Current candidate devices are [
  /job:localhost/replica:0/task:0/device:CPU:0].
See below for details of this colocation group:
Colocation Debug Info:
Colocation group had the following types and supported devices: 
Root Member(assigned_device_name_index_=-1 requested_device_name_='/device:GPU:0' assigned_device_name_='' resource_device_name_='/device:GPU:0' supported_device_types_=[CPU] possible_devices_=[]
Identity: CPU XLA_CPU 
Assign: CPU 
Const: CPU XLA_CPU 
ApplyAdam: CPU 
VariableV2: CPU 

Colocation members, user-requested devices, and framework assigned devices, if any:
  fully_connected/biases/Initializer/zeros (Const) 
  fully_connected/biases (VariableV2) /device:GPU:0
  fully_connected/biases/Assign (Assign) /device:GPU:0
  fully_connected/biases/read (Identity) /device:GPU:0
  fully_connected/biases/Adam/Initializer/zeros (Const) /device:GPU:0
  fully_connected/biases/Adam (VariableV2) /device:GPU:0
  fully_connected/biases/Adam/Assign (Assign) /device:GPU:0
  fully_connected/biases/Adam/read (Identity) /device:GPU:0
  fully_connected/biases/Adam_1/Initializer/zeros (Const) /device:GPU:0
  fully_connected/biases/Adam_1 (VariableV2) /device:GPU:0
  fully_connected/biases/Adam_1/Assign (Assign) /device:GPU:0
  fully_connected/biases/Adam_1/read (Identity) /device:GPU:0
  Adam/update_fully_connected/biases/ApplyAdam (ApplyAdam) /device:GPU:0
  save/Assign_32 (Assign) /device:GPU:0
  save/Assign_33 (Assign) /device:GPU:0
  save/Assign_34 (Assign) /device:GPU:0

Setting cache_dir to nn_models/sc05/cache/ 
Setting model_dir to nn_models/sc05/all_feat/model_data/ 
Setting desc_dir to descriptors/sc05/all_feat/ 
Setting feat_mask to [1.0, 1.0, 1.0, 1.0, 1.0] 
Reading pre-trained network
(80, 2)
<tf.Variable 'mu_rho_0:0' shape=(1, 80) dtype=float32_ref>
80
<tf.Variable 'mu_theta_0:0' shape=(1, 80) dtype=float32_ref>
80
<tf.Variable 'sigma_rho_0:0' shape=(1, 80) dtype=float32_ref>
80
<tf.Variable 'sigma_theta_0:0' shape=(1, 80) dtype=float32_ref>
80
<tf.Variable 'mu_rho_1:0' shape=(1, 80) dtype=float32_ref>
80
<tf.Variable 'mu_theta_1:0' shape=(1, 80) dtype=float32_ref>
80
<tf.Variable 'sigma_rho_1:0' shape=(1, 80) dtype=float32_ref>
80
<tf.Variable 'sigma_theta_1:0' shape=(1, 80) dtype=float32_ref>
80
<tf.Variable 'mu_rho_2:0' shape=(1, 80) dtype=float32_ref>
80
<tf.Variable 'mu_theta_2:0' shape=(1, 80) dtype=float32_ref>
80
<tf.Variable 'sigma_rho_2:0' shape=(1, 80) dtype=float32_ref>
80
<tf.Variable 'sigma_theta_2:0' shape=(1, 80) dtype=float32_ref>
80
<tf.Variable 'mu_rho_3:0' shape=(1, 80) dtype=float32_ref>
80
<tf.Variable 'mu_theta_3:0' shape=(1, 80) dtype=float32_ref>
80
<tf.Variable 'sigma_rho_3:0' shape=(1, 80) dtype=float32_ref>
80
<tf.Variable 'sigma_theta_3:0' shape=(1, 80) dtype=float32_ref>
80
<tf.Variable 'mu_rho_4:0' shape=(1, 80) dtype=float32_ref>
80
<tf.Variable 'mu_theta_4:0' shape=(1, 80) dtype=float32_ref>
80
<tf.Variable 'sigma_rho_4:0' shape=(1, 80) dtype=float32_ref>
80
<tf.Variable 'sigma_theta_4:0' shape=(1, 80) dtype=float32_ref>
80
<tf.Variable 'b_conv_0:0' shape=(80,) dtype=float32_ref>
80
<tf.Variable 'b_conv_1:0' shape=(80,) dtype=float32_ref>
80
<tf.Variable 'b_conv_2:0' shape=(80,) dtype=float32_ref>
80
<tf.Variable 'b_conv_3:0' shape=(80,) dtype=float32_ref>
80
<tf.Variable 'b_conv_4:0' shape=(80,) dtype=float32_ref>
80
<tf.Variable 'W_conv_0:0' shape=(80, 80) dtype=float32_ref>
6400
<tf.Variable 'W_conv_1:0' shape=(80, 80) dtype=float32_ref>
6400
<tf.Variable 'W_conv_2:0' shape=(80, 80) dtype=float32_ref>
6400
<tf.Variable 'W_conv_3:0' shape=(80, 80) dtype=float32_ref>
6400
<tf.Variable 'W_conv_4:0' shape=(80, 80) dtype=float32_ref>
6400
<tf.Variable 'fully_connected/weights:0' shape=(400, 80) dtype=float32_ref>
32000
<tf.Variable 'fully_connected/biases:0' shape=(80,) dtype=float32_ref>
80
Total number parameters: 66080
1BRS_A_D
3Q9U_A_C
1Q5H_A_B
3AXY_B_D
1O9Y_A_D
3K3C_A_B
1NPO_A_C
3FJS_C_D
1SOT_A_C
3ISM_A_B
2J12_A_B
3PGA_1_4
3CDW_A_H
3SLH_A_B
1A2K_C_AB
2YZJ_A_C
Number of vertices: 3515
Data loading time: 0.04s
Running time: 13.17s
3ECY_A_B
Number of vertices: 2802
Data loading time: 0.05s
Running time: 9.75s
5GPG_A_B
Number of vertices: 2493
Data loading time: 0.02s
Running time: 8.20s
3S8V_A_X
Number of vertices: 10406
Data loading time: 0.16s
Running time: 35.61s
3QWQ_A_B
Number of vertices: 12125
Data loading time: 0.16s
Running time: 42.50s
2HDP_A_B
Number of vertices: 1820
Data loading time: 0.02s
Running time: 6.10s
3Q0Y_C_B
Number of vertices: 3393
Data loading time: 0.03s
Running time: 11.52s
2G2W_A_B
Number of vertices: 4264
Data loading time: 0.04s
Running time: 14.82s
3HRD_E_H
Number of vertices: 7684
Data loading time: 0.80s
Running time: 26.76s
4YDJ_HL_G
Number of vertices: 8487
Data loading time: 0.28s
Running time: 29.29s
1AVX_A_B
Number of vertices: 3687
Data loading time: 0.04s
Running time: 12.11s
3QWN_I_J
Number of vertices: 4397
Data loading time: 0.03s
Running time: 14.73s
3KMT_A_B
Number of vertices: 2701
Data loading time: 0.02s
Running time: 8.55s
4KGG_C_A
Number of vertices: 4074
Data loading time: 0.05s
Running time: 14.24s
3F74_A_B
Number of vertices: 3468
Data loading time: 0.03s
Running time: 11.62s
1ID5_H_L
Number of vertices: 5028
Data loading time: 0.05s
Running time: 17.47s
1LQM_E_F
Number of vertices: 4272
Data loading time: 0.04s
Running time: 14.72s
2O8Q_A_B
Number of vertices: 2885
Data loading time: 0.02s
Running time: 9.33s
2P47_A_B
Number of vertices: 2575
Data loading time: 0.02s
Running time: 8.28s
4AG2_A_C
Number of vertices: 4185
Data loading time: 0.05s
Running time: 14.24s
3SGB_E_I
Number of vertices: 2924
Data loading time: 0.34s
Running time: 9.56s
1YLQ_A_B
Number of vertices: 2373
Data loading time: 0.25s
Running time: 7.76s
3P71_C_T
Number of vertices: 5272
Data loading time: 0.06s
Running time: 18.02s
2GKW_A_B
Number of vertices: 4461
Data loading time: 0.24s
Running time: 14.64s
2A2L_C_B
Number of vertices: 2974
Data loading time: 0.03s
Running time: 9.94s
3IBM_A_B
Number of vertices: 3393
Data loading time: 0.03s
Running time: 10.50s
2AQX_A_B
Number of vertices: 6117
Data loading time: 0.06s
Running time: 19.63s
1PXV_A_C
Number of vertices: 3972
Data loading time: 0.02s
Running time: 12.26s
3OGF_A_B
Number of vertices: 1976
Data loading time: 0.01s
Running time: 6.01s
2Z0P_C_D
Number of vertices: 3732
Data loading time: 0.03s
Running time: 11.55s
3KZH_A_B
Number of vertices: 6536
Data loading time: 0.06s
Running time: 20.28s
1JZO_A_B
Number of vertices: 4491
Data loading time: 0.41s
Running time: 13.96s
3M85_B_E
Number of vertices: 3965
Data loading time: 0.03s
Running time: 12.05s
1XPJ_A_D
Number of vertices: 3173
Data loading time: 0.03s
Running time: 9.34s
4TQ1_A_B
Number of vertices: 5154
Data loading time: 0.04s
Running time: 15.50s
3CG8_C_B
Number of vertices: 5248
Data loading time: 0.05s
Running time: 15.97s
1XT9_A_B
Number of vertices: 4184
Data loading time: 0.04s
Running time: 12.63s
4CJ0_A_B
Number of vertices: 7797
Data loading time: 0.45s
Running time: 23.23s
2ZXW_O_U
Could not open data_preparation/04b-precomputation_12A/precomputation/2ZXW_O_U/p1_sc_labels.npy
1UGH_E_I
Number of vertices: 4166
Data loading time: 0.04s
Running time: 12.56s
2WQ4_A_C
Number of vertices: 2700
Data loading time: 0.02s
Running time: 7.51s
2Z29_A_B
Number of vertices: 5811
Data loading time: 0.05s
Running time: 17.27s
1ERN_A_B
Number of vertices: 4404
Data loading time: 0.04s
Running time: 13.34s
2LBU_E_D
Number of vertices: 2309
Data loading time: 0.01s
Running time: 7.12s
2Z7F_E_I
Number of vertices: 3889
Data loading time: 0.03s
Running time: 11.73s
1ZVN_A_B
Number of vertices: 2322
Data loading time: 0.01s
Running time: 6.96s
3Q87_A_B
Number of vertices: 2766
Data loading time: 0.02s
Running time: 7.74s
1I07_A_B
Number of vertices: 2002
Data loading time: 0.01s
Running time: 6.21s
1TQ9_A_B
Number of vertices: 3151
Data loading time: 0.03s
Running time: 9.25s
3RDZ_A_C
Number of vertices: 3725
Data loading time: 0.02s
Running time: 10.84s
2GD4_C_B
Number of vertices: 7386
Data loading time: 0.08s
Running time: 23.19s
3S9C_A_B
Number of vertices: 4174
Data loading time: 0.03s
Running time: 13.11s
1SHY_A_B
Number of vertices: 4617
Data loading time: 0.04s
Running time: 13.95s
3CEW_C_D
Number of vertices: 2984
Data loading time: 0.02s
Running time: 9.20s
2P45_A_B
Number of vertices: 2698
Data loading time: 0.02s
Running time: 7.83s
2JI1_C_D
Number of vertices: 2809
Data loading time: 0.02s
Running time: 8.23s
1XUA_A_B
Number of vertices: 4674
Data loading time: 0.04s
Running time: 14.43s
3B5U_J_L
Number of vertices: 7259
Data loading time: 0.08s
Running time: 23.22s
1JKG_A_B
Number of vertices: 3272
Data loading time: 0.03s
Running time: 10.25s
2Y32_B_D
Number of vertices: 3187
Data loading time: 0.02s
Running time: 9.88s
1HBT_I_H
Could not open data_preparation/04b-precomputation_12A/precomputation/1HBT_I_H/p1_sc_labels.npy
3HCG_A_C
Number of vertices: 2996
Data loading time: 0.02s
Running time: 9.48s
3HN6_B_D
Number of vertices: 5003
Data loading time: 0.05s
Running time: 16.03s
1UUG_A_B
Number of vertices: 4142
Data loading time: 0.04s
Running time: 13.53s
4M5F_A_B
Number of vertices: 7040
Data loading time: 0.09s
Running time: 22.35s
2WAM_A_C
Number of vertices: 6243
Data loading time: 0.08s
Running time: 19.89s
3CHW_A_P
Number of vertices: 6459
Data loading time: 0.08s
Running time: 20.54s
1ZR0_A_B
Number of vertices: 3775
Data loading time: 0.03s
Running time: 11.19s
2QLC_C_B
Number of vertices: 2660
Data loading time: 0.02s
Running time: 7.99s
2B3Z_C_D
Number of vertices: 7223
Data loading time: 0.13s
Running time: 23.10s
3BTV_A_B
Number of vertices: 7420
Data loading time: 0.57s
Running time: 23.33s
3TND_B_D
Number of vertices: 2351
Data loading time: 0.02s
Running time: 7.04s
3EYD_C_D
Number of vertices: 2943
Data loading time: 0.02s
Running time: 9.01s
2B42_B_A
Number of vertices: 3105
Data loading time: 0.03s
Running time: 10.11s
2HEK_A_B
Number of vertices: 7238
Data loading time: 0.08s
Running time: 23.11s
1I4O_B_D
Number of vertices: 4372
Data loading time: 0.04s
Running time: 13.74s
2FE8_A_C
Number of vertices: 6203
Data loading time: 0.06s
Running time: 19.81s
1T0F_A_B
Number of vertices: 5624
Data loading time: 0.06s
Running time: 17.57s
1YY9_A_D
Number of vertices: 12638
Data loading time: 0.78s
Running time: 39.89s
3P8B_C_D
Number of vertices: 1519
Data loading time: 0.01s
Running time: 4.41s
2I32_A_E
Number of vertices: 3243
Data loading time: 0.02s
Running time: 10.12s
1Z0K_A_C
Number of vertices: 3213
Data loading time: 0.04s
Running time: 10.03s
1XDT_T_R
Number of vertices: 9946
Data loading time: 0.96s
Running time: 30.50s
3E2U_A_E
Number of vertices: 1610
Data loading time: 0.01s
Running time: 4.48s
3WN7_A_B
Number of vertices: 4861
Data loading time: 0.04s
Running time: 14.47s
